<?xml version="1.0" encoding="UTF-8"?>
<!-- Generated by org.testng.reporters.JUnitXMLReporter -->
<testsuite ignored="0" hostname="AjayNamala" failures="0" tests="2" name="Default test" time="27.208" errors="0" timestamp="2025-08-16T18:07:17 IST">
  <testcase classname="Tests.BookAppointmentTest" name="fillMakeAppointmentForm" time="11.464">
    <skipped/>
  </testcase> <!-- fillMakeAppointmentForm -->
  <testcase classname="Tests.BookAppointmentTest" name="fillMakeAppointmentForm" time="4.512"/>
</testsuite> <!-- Default test -->
