<?xml version="1.0" encoding="UTF-8"?>
<!-- Generated by org.testng.reporters.JUnitXMLReporter -->
<testsuite ignored="4" hostname="AjayNamala" failures="0" tests="1" name="Default test" time="10.601" errors="0" timestamp="2025-08-21T06:05:39 IST">
  <testcase classname="Tests.NavigationsTest" name="verifyPageAfterLogin" time="2.543"/>
  <testcase classname="Tests.NavigationsTest" name="verifyProfileLink" time="0.0">
    <ignored/>
  </testcase> <!-- verifyProfileLink -->
  <testcase classname="Tests.NavigationsTest" name="verifyHistoryLink" time="0.0">
    <ignored/>
  </testcase> <!-- verifyHistoryLink -->
  <testcase classname="Tests.NavigationsTest" name="verifyHomeLink" time="0.0">
    <ignored/>
  </testcase> <!-- verifyHomeLink -->
  <testcase classname="Tests.NavigationsTest" name="verifyLoginLink" time="0.0">
    <ignored/>
  </testcase> <!-- verifyLoginLink -->
</testsuite> <!-- Default test -->
