<?xml version="1.0" encoding="UTF-8"?>
<!-- Generated by org.testng.reporters.JUnitXMLReporter -->
<testsuite ignored="0" hostname="AjayNamala" failures="1" tests="6" name="Test" time="47.503" errors="0" timestamp="2025-08-15T11:56:45 IST">
  <testcase classname="smoke.LoginTest" name="login" time="1.611"/>
  <testcase classname="smoke.LoginTest" name="login" time="1.483"/>
  <testcase classname="smoke.LoginTest" name="login" time="1.628"/>
  <testcase classname="smoke.LoginTest" name="login" time="1.583"/>
  <testcase classname="smoke.LoginTest" name="login" time="1.406"/>
  <testcase classname="smoke.LoginTest" name="login" time="1.441">
    <failure type="java.lang.AssertionError" message="You landed into incorrect page expected [login failed! please ensure the username and password are val] but found [login failed! please ensure the username and password are valid.]">
      <![CDATA[java.lang.AssertionError: You landed into incorrect page expected [login failed! please ensure the username and password are val] but found [login failed! please ensure the username and password are valid.]
at pages.LoginPage.userLogin(LoginPage.java:68)
at smoke.LoginTest.login(LoginTest.java:20)
at java.base/java.util.concurrent.ThreadPoolExecutor.runWorker(ThreadPoolExecutor.java:1144)
at java.base/java.util.concurrent.ThreadPoolExecutor$Worker.run(ThreadPoolExecutor.java:642)
at java.base/java.lang.Thread.run(Thread.java:1583)
... Removed 15 stack frames]]>
    </failure>
  </testcase> <!-- login -->
</testsuite> <!-- Test -->
