<?xml version="1.0" encoding="UTF-8"?>
<testng-results ignored="0" total="1" passed="1" failed="0" skipped="0">
  <reporter-output>
  </reporter-output>
  <suite started-at="2025-08-16T10:28:32 IST" name="Default suite" finished-at="2025-08-16T10:28:43 IST" duration-ms="11011">
    <groups>
    </groups>
    <test started-at="2025-08-16T10:28:32 IST" name="Default test" finished-at="2025-08-16T10:28:43 IST" duration-ms="11011">
      <class name="Tests.BookAppointmentTest">
        <test-method is-config="true" signature="setup(java.lang.reflect.Method,org.testng.ITestContext)[pri:0, instance:Tests.BookAppointmentTest@54d9d12d]" started-at="2025-08-16T10:28:32 IST" name="setup" finished-at="2025-08-16T10:28:40 IST" duration-ms="7809" status="PASS">
          <params>
            <param index="0">
              <value>
                <![CDATA[public void Tests.BookAppointmentTest.fillMakeAppointmentForm(java.lang.String,java.lang.String,java.lang.String,java.lang.String) throws java.io.IOException]]>
              </value>
            </param>
            <param index="1">
              <value>
                <![CDATA[org.testng.TestRunner@4b7c4456]]>
              </value>
            </param>
          </params>
          <reporter-output>
          </reporter-output>
        </test-method> <!-- setup -->
        <test-method signature="fillMakeAppointmentForm(java.lang.String,java.lang.String,java.lang.String,java.lang.String)[pri:0, instance:Tests.BookAppointmentTest@54d9d12d]" started-at="2025-08-16T10:28:40 IST" name="fillMakeAppointmentForm" data-provider="appointmentData" finished-at="2025-08-16T10:28:43 IST" duration-ms="2814" status="PASS">
          <params>
            <param index="0">
              <value>
                <![CDATA[Seoul CURA Healthcare Center]]>
              </value>
            </param>
            <param index="1">
              <value>
                <![CDATA[Medicaid]]>
              </value>
            </param>
            <param index="2">
              <value>
                <![CDATA[23/03/2000]]>
              </value>
            </param>
            <param index="3">
              <value>
                <![CDATA[CommentText]]>
              </value>
            </param>
          </params>
          <reporter-output>
          </reporter-output>
        </test-method> <!-- fillMakeAppointmentForm -->
        <test-method is-config="true" signature="teardown()[pri:0, instance:Tests.BookAppointmentTest@54d9d12d]" started-at="2025-08-16T10:28:43 IST" name="teardown" finished-at="2025-08-16T10:28:43 IST" duration-ms="327" status="PASS">
          <reporter-output>
          </reporter-output>
        </test-method> <!-- teardown -->
      </class> <!-- Tests.BookAppointmentTest -->
    </test> <!-- Default test -->
  </suite> <!-- Default suite -->
</testng-results>
