<?xml version="1.0" encoding="UTF-8"?>
<testng-results ignored="0" total="1" passed="1" failed="0" skipped="0">
  <reporter-output>
  </reporter-output>
  <suite started-at="2025-08-15T07:22:09 IST" name="Suite" finished-at="2025-08-15T07:22:16 IST" duration-ms="7712">
    <groups>
    </groups>
    <test started-at="2025-08-15T07:22:09 IST" name="Test" finished-at="2025-08-15T07:22:16 IST" duration-ms="7712">
      <class name="smoke.LoginTest">
        <test-method is-config="true" signature="setup(java.lang.reflect.Method,org.testng.ITestContext)[pri:0, instance:smoke.LoginTest@6f1de4c7]" started-at="2025-08-15T07:22:09 IST" name="setup" finished-at="2025-08-15T07:22:15 IST" duration-ms="6393" status="PASS">
          <params>
            <param index="0">
              <value>
                <![CDATA[public void smoke.LoginTest.login()]]>
              </value>
            </param>
            <param index="1">
              <value>
                <![CDATA[org.testng.TestRunner@706fe5c6]]>
              </value>
            </param>
          </params>
          <reporter-output>
          </reporter-output>
        </test-method> <!-- setup -->
        <test-method signature="login()[pri:0, instance:smoke.LoginTest@6f1de4c7]" started-at="2025-08-15T07:22:15 IST" name="login" finished-at="2025-08-15T07:22:16 IST" duration-ms="546" status="PASS">
          <reporter-output>
          </reporter-output>
        </test-method> <!-- login -->
        <test-method is-config="true" signature="teardown()[pri:0, instance:smoke.LoginTest@6f1de4c7]" started-at="2025-08-15T07:22:16 IST" name="teardown" finished-at="2025-08-15T07:22:16 IST" duration-ms="310" status="PASS">
          <reporter-output>
          </reporter-output>
        </test-method> <!-- teardown -->
      </class> <!-- smoke.LoginTest -->
    </test> <!-- Test -->
  </suite> <!-- Suite -->
</testng-results>
